D:\VstudioProjects\DrinkVending\DrinkVending\ClientApp\app\models\drink.js
D:\VstudioProjects\DrinkVending\DrinkVending\ClientApp\app\models\drink.js.map
D:\VstudioProjects\DrinkVending\DrinkVending\ClientApp\app\models\coin.js
D:\VstudioProjects\DrinkVending\DrinkVending\ClientApp\app\models\coin.js.map
D:\VstudioProjects\DrinkVending\DrinkVending\ClientApp\app\services\data.service.js
D:\VstudioProjects\DrinkVending\DrinkVending\ClientApp\app\services\data.service.js.map
D:\VstudioProjects\DrinkVending\DrinkVending\ClientApp\app\app.component.js
D:\VstudioProjects\DrinkVending\DrinkVending\ClientApp\app\app.component.js.map
D:\VstudioProjects\DrinkVending\DrinkVending\ClientApp\app\admin-page\admin-coin.component.js
D:\VstudioProjects\DrinkVending\DrinkVending\ClientApp\app\admin-page\admin-coin.component.js.map
D:\VstudioProjects\DrinkVending\DrinkVending\ClientApp\app\admin-page\admin-drink.component.js
D:\VstudioProjects\DrinkVending\DrinkVending\ClientApp\app\admin-page\admin-drink.component.js.map
D:\VstudioProjects\DrinkVending\DrinkVending\ClientApp\app\admin-page\admin-page.component.js
D:\VstudioProjects\DrinkVending\DrinkVending\ClientApp\app\admin-page\admin-page.component.js.map
D:\VstudioProjects\DrinkVending\DrinkVending\ClientApp\app\home-page\home.component.js
D:\VstudioProjects\DrinkVending\DrinkVending\ClientApp\app\home-page\home.component.js.map
D:\VstudioProjects\DrinkVending\DrinkVending\ClientApp\app\not-found.component.js
D:\VstudioProjects\DrinkVending\DrinkVending\ClientApp\app\not-found.component.js.map
D:\VstudioProjects\DrinkVending\DrinkVending\ClientApp\app\app.module.js
D:\VstudioProjects\DrinkVending\DrinkVending\ClientApp\app\app.module.js.map
D:\VstudioProjects\DrinkVending\DrinkVending\ClientApp\main.js
D:\VstudioProjects\DrinkVending\DrinkVending\ClientApp\main.js.map
D:\VstudioProjects\DrinkVending\DrinkVending\ClientApp\polyfills.js
D:\VstudioProjects\DrinkVending\DrinkVending\ClientApp\polyfills.js.map
D:\VstudioProjects\DrinkVending\DrinkVending\ClientApp\app\home-page\Drink.Home.Component.js
D:\VstudioProjects\DrinkVending\DrinkVending\ClientApp\app\home-page\Drink.Home.Component.js.map
